<?xml version="1.0" encoding="UTF-8"?>
<testng-results skipped="0" failed="1" ignored="0" total="3" passed="2">
  <reporter-output>
  </reporter-output>
  <suite name="All Test Suite" duration-ms="106726" started-at="2021-02-28T21:30:18 IST" finished-at="2021-02-28T21:32:05 IST">
    <groups>
    </groups>
    <test name="SampleTests" duration-ms="106726" started-at="2021-02-28T21:30:18 IST" finished-at="2021-02-28T21:32:05 IST">
      <class name="com.wipro.tests.SampleTests">
        <test-method status="PASS" signature="initDevice()[pri:0, instance:com.wipro.tests.SampleTests@31610302]" name="initDevice" is-config="true" duration-ms="8279" started-at="2021-02-28T21:30:18 IST" finished-at="2021-02-28T21:30:26 IST">
          <reporter-output>
          </reporter-output>
        </test-method> <!-- initDevice -->
        <test-method status="PASS" signature="restartApp()[pri:0, instance:com.wipro.tests.SampleTests@31610302]" name="restartApp" is-config="true" duration-ms="1813" started-at="2021-02-28T21:30:26 IST" finished-at="2021-02-28T21:30:28 IST">
          <reporter-output>
          </reporter-output>
        </test-method> <!-- restartApp -->
        <test-method status="PASS" signature="HomePageTestPass()[pri:0, instance:com.wipro.tests.SampleTests@31610302]" name="HomePageTestPass" duration-ms="46119" started-at="2021-02-28T21:30:28 IST" description="Passing test" finished-at="2021-02-28T21:31:14 IST">
          <reporter-output>
          </reporter-output>
        </test-method> <!-- HomePageTestPass -->
        <test-method status="PASS" signature="restartApp()[pri:0, instance:com.wipro.tests.SampleTests@31610302]" name="restartApp" is-config="true" duration-ms="1789" started-at="2021-02-28T21:31:14 IST" finished-at="2021-02-28T21:31:16 IST">
          <reporter-output>
          </reporter-output>
        </test-method> <!-- restartApp -->
        <test-method status="FAIL" signature="HomePageTestFail()[pri:1, instance:com.wipro.tests.SampleTests@31610302]" name="HomePageTestFail" duration-ms="42292" started-at="2021-02-28T21:31:16 IST" description="Failing test" finished-at="2021-02-28T21:31:58 IST">
          <exception class="java.lang.AssertionError">
            <message>
              <![CDATA[Electronics Page is not displayed after scrolling expected [false] but found [true]]]>
            </message>
            <full-stacktrace>
              <![CDATA[java.lang.AssertionError: Electronics Page is not displayed after scrolling expected [false] but found [true]
at org.testng.Assert.fail(Assert.java:99)
at org.testng.Assert.failNotEquals(Assert.java:1037)
at org.testng.Assert.assertFalse(Assert.java:67)
at com.wipro.tests.SampleTests.HomePageTestFail(SampleTests.java:30)
at sun.reflect.NativeMethodAccessorImpl.invoke0(Native Method)
at sun.reflect.NativeMethodAccessorImpl.invoke(NativeMethodAccessorImpl.java:62)
at sun.reflect.DelegatingMethodAccessorImpl.invoke(DelegatingMethodAccessorImpl.java:43)
at java.lang.reflect.Method.invoke(Method.java:498)
at org.testng.internal.MethodInvocationHelper.invokeMethod(MethodInvocationHelper.java:132)
at org.testng.internal.TestInvoker.invokeMethod(TestInvoker.java:599)
at org.testng.internal.TestInvoker.invokeTestMethod(TestInvoker.java:174)
at org.testng.internal.MethodRunner.runInSequence(MethodRunner.java:46)
at org.testng.internal.TestInvoker$MethodInvocationAgent.invoke(TestInvoker.java:822)
at org.testng.internal.TestInvoker.invokeTestMethods(TestInvoker.java:147)
at org.testng.internal.TestMethodWorker.invokeTestMethods(TestMethodWorker.java:146)
at org.testng.internal.TestMethodWorker.run(TestMethodWorker.java:128)
at java.util.ArrayList.forEach(ArrayList.java:1259)
at org.testng.TestRunner.privateRun(TestRunner.java:764)
at org.testng.TestRunner.run(TestRunner.java:585)
at org.testng.SuiteRunner.runTest(SuiteRunner.java:384)
at org.testng.SuiteRunner.runSequentially(SuiteRunner.java:378)
at org.testng.SuiteRunner.privateRun(SuiteRunner.java:337)
at org.testng.SuiteRunner.run(SuiteRunner.java:286)
at org.testng.SuiteRunnerWorker.runSuite(SuiteRunnerWorker.java:53)
at org.testng.SuiteRunnerWorker.run(SuiteRunnerWorker.java:96)
at org.testng.TestNG.runSuitesSequentially(TestNG.java:1218)
at org.testng.TestNG.runSuitesLocally(TestNG.java:1140)
at org.testng.TestNG.runSuites(TestNG.java:1069)
at org.testng.TestNG.run(TestNG.java:1037)
at org.apache.maven.surefire.testng.TestNGExecutor.run(TestNGExecutor.java:283)
at org.apache.maven.surefire.testng.TestNGXmlTestSuite.execute(TestNGXmlTestSuite.java:75)
at org.apache.maven.surefire.testng.TestNGProvider.invoke(TestNGProvider.java:120)
at org.apache.maven.surefire.booter.ForkedBooter.invokeProviderInSameClassLoader(ForkedBooter.java:386)
at org.apache.maven.surefire.booter.ForkedBooter.runSuitesInProcess(ForkedBooter.java:323)
at org.apache.maven.surefire.booter.ForkedBooter.main(ForkedBooter.java:143)
]]>
            </full-stacktrace>
          </exception> <!-- java.lang.AssertionError -->
          <reporter-output>
          </reporter-output>
        </test-method> <!-- HomePageTestFail -->
        <test-method status="PASS" signature="restartApp()[pri:0, instance:com.wipro.tests.SampleTests@31610302]" name="restartApp" is-config="true" duration-ms="1791" started-at="2021-02-28T21:31:58 IST" finished-at="2021-02-28T21:32:00 IST">
          <reporter-output>
          </reporter-output>
        </test-method> <!-- restartApp -->
        <test-method status="PASS" signature="noInternetTest()[pri:2, instance:com.wipro.tests.SampleTests@31610302]" name="noInternetTest" duration-ms="4352" started-at="2021-02-28T21:32:00 IST" description="Testing internet off scenario" finished-at="2021-02-28T21:32:05 IST">
          <reporter-output>
          </reporter-output>
        </test-method> <!-- noInternetTest -->
        <test-method status="PASS" signature="killDriver()[pri:0, instance:com.wipro.tests.SampleTests@31610302]" name="killDriver" is-config="true" duration-ms="264" started-at="2021-02-28T21:32:05 IST" finished-at="2021-02-28T21:32:05 IST">
          <reporter-output>
          </reporter-output>
        </test-method> <!-- killDriver -->
      </class> <!-- com.wipro.tests.SampleTests -->
    </test> <!-- SampleTests -->
  </suite> <!-- All Test Suite -->
</testng-results>
